<?xml version="1.0" encoding="UTF-8"?>
<!-- Generated by org.testng.reporters.JUnitXMLReporter -->
<testsuite hostname="E5570-2417" ignored="12" name="Chrome test" tests="7" failures="0" timestamp="15 Mar 2018 18:51:09 GMT" time="142.782" errors="0">
  <testcase name="test" time="17.674" classname="strat_regresion_test.RequestPassword"/>
  <testcase name="login" time="6.44" classname="strat_regresion_test.Login"/>
  <testcase name="institution_selector_cobb" time="2.861" classname="strat_regresion_test.Institution_Selector_Cobb"/>
  <testcase name="NewStrategy" time="56.47" classname="strat_regresion_test.Dashboard_regresion"/>
  <testcase name="manageusers" time="4.269" classname="strat_regresion_test.Nav_ManageUsers"/>
  <testcase name="test" time="52.818" classname="strat_regresion_test.AddEditEnableDisableRemoveUserFlow"/>
  <testcase name="test" time="2.238" classname="base.Logout"/>
  <testcase name="@BeforeSuite setUp" time="0.0" classname="base.Before_and_After_Suite">
    <ignored/>
  </testcase> <!-- @BeforeSuite setUp -->
  <testcase name="@BeforeSuite setUp" time="0.0" classname="base.Before_and_After_Suite">
    <ignored/>
  </testcase> <!-- @BeforeSuite setUp -->
  <testcase name="@BeforeSuite setUp" time="0.0" classname="base.Before_and_After_Suite">
    <ignored/>
  </testcase> <!-- @BeforeSuite setUp -->
  <testcase name="@BeforeSuite setUp" time="0.0" classname="base.Before_and_After_Suite">
    <ignored/>
  </testcase> <!-- @BeforeSuite setUp -->
  <testcase name="@BeforeSuite setUp" time="0.0" classname="base.Before_and_After_Suite">
    <ignored/>
  </testcase> <!-- @BeforeSuite setUp -->
  <testcase name="@BeforeSuite setUp" time="0.0" classname="base.Before_and_After_Suite">
    <ignored/>
  </testcase> <!-- @BeforeSuite setUp -->
  <testcase name="@AfterSuite afterSuite" time="0.0" classname="base.Before_and_After_Suite">
    <ignored/>
  </testcase> <!-- @AfterSuite afterSuite -->
  <testcase name="@AfterSuite afterSuite" time="0.0" classname="base.Before_and_After_Suite">
    <ignored/>
  </testcase> <!-- @AfterSuite afterSuite -->
  <testcase name="@AfterSuite afterSuite" time="0.0" classname="base.Before_and_After_Suite">
    <ignored/>
  </testcase> <!-- @AfterSuite afterSuite -->
  <testcase name="@AfterSuite afterSuite" time="0.0" classname="base.Before_and_After_Suite">
    <ignored/>
  </testcase> <!-- @AfterSuite afterSuite -->
  <testcase name="@AfterSuite afterSuite" time="0.0" classname="base.Before_and_After_Suite">
    <ignored/>
  </testcase> <!-- @AfterSuite afterSuite -->
  <testcase name="@AfterSuite afterSuite" time="0.0" classname="base.Before_and_After_Suite">
    <ignored/>
  </testcase> <!-- @AfterSuite afterSuite -->
</testsuite> <!-- Chrome test -->
