<?xml version="1.0" encoding="UTF-8"?>
<!-- Generated by org.testng.reporters.JUnitXMLReporter -->
<testsuite hostname="E5570-2417" ignored="12" name="Login" tests="7" failures="0" timestamp="14 Mar 2018 18:43:13 GMT" time="131.765" errors="0">
  <testcase name="test" time="7.682" classname="strat_regresion_test.RequestPassword"/>
  <testcase name="login" time="6.421" classname="strat_regresion_test.Login"/>
  <testcase name="institution_selector_cobb" time="2.892" classname="strat_regresion_test.Institution_Selector_Cobb"/>
  <testcase name="NewStrategy" time="55.472" classname="strat_regresion_test.Dashboard_regresion"/>
  <testcase name="manageusers" time="4.287" classname="strat_regresion_test.Nav_ManageUsers"/>
  <testcase name="test" time="52.778" classname="strat_regresion_test.AddEditEnableDisableRemoveUserFlow"/>
  <testcase name="test" time="2.207" classname="base.Logout"/>
  <testcase name="@BeforeSuite beforeSuite" time="0.0" classname="base.Open_Close_Browser_Chorme">
    <ignored/>
  </testcase> <!-- @BeforeSuite beforeSuite -->
  <testcase name="@BeforeSuite beforeSuite" time="0.0" classname="base.Open_Close_Browser_Chorme">
    <ignored/>
  </testcase> <!-- @BeforeSuite beforeSuite -->
  <testcase name="@BeforeSuite beforeSuite" time="0.0" classname="base.Open_Close_Browser_Chorme">
    <ignored/>
  </testcase> <!-- @BeforeSuite beforeSuite -->
  <testcase name="@BeforeSuite beforeSuite" time="0.0" classname="base.Open_Close_Browser_Chorme">
    <ignored/>
  </testcase> <!-- @BeforeSuite beforeSuite -->
  <testcase name="@BeforeSuite beforeSuite" time="0.0" classname="base.Open_Close_Browser_Chorme">
    <ignored/>
  </testcase> <!-- @BeforeSuite beforeSuite -->
  <testcase name="@BeforeSuite beforeSuite" time="0.0" classname="base.Open_Close_Browser_Chorme">
    <ignored/>
  </testcase> <!-- @BeforeSuite beforeSuite -->
  <testcase name="@AfterSuite afterSuite" time="0.0" classname="base.Open_Close_Browser_Chorme">
    <ignored/>
  </testcase> <!-- @AfterSuite afterSuite -->
  <testcase name="@AfterSuite afterSuite" time="0.0" classname="base.Open_Close_Browser_Chorme">
    <ignored/>
  </testcase> <!-- @AfterSuite afterSuite -->
  <testcase name="@AfterSuite afterSuite" time="0.0" classname="base.Open_Close_Browser_Chorme">
    <ignored/>
  </testcase> <!-- @AfterSuite afterSuite -->
  <testcase name="@AfterSuite afterSuite" time="0.0" classname="base.Open_Close_Browser_Chorme">
    <ignored/>
  </testcase> <!-- @AfterSuite afterSuite -->
  <testcase name="@AfterSuite afterSuite" time="0.0" classname="base.Open_Close_Browser_Chorme">
    <ignored/>
  </testcase> <!-- @AfterSuite afterSuite -->
  <testcase name="@AfterSuite afterSuite" time="0.0" classname="base.Open_Close_Browser_Chorme">
    <ignored/>
  </testcase> <!-- @AfterSuite afterSuite -->
</testsuite> <!-- Login -->
