<?xml version="1.0" encoding="UTF-8"?>
<!-- Generated by org.testng.reporters.JUnitXMLReporter -->
<testsuite hostname="E5570-2417" name="Chrome test" tests="17" failures="1" timestamp="26 Mar 2018 16:05:14 GMT" time="182.996" errors="0">
  <testcase name="requestPassword" time="17.739" classname="strat_regresion_test.RequestPassword"/>
  <testcase name="login" time="6.408" classname="strat_regresion_test.Login"/>
  <testcase name="institution_selector_cobb" time="2.822" classname="strat_regresion_test.Institution_Selector_Cobb"/>
  <testcase name="doubleClickOnStrat" time="3.255" classname="strat_regresion_test.Envisioning"/>
  <testcase name="addPurpose" time="7.313" classname="strat_regresion_test.AddPurpose"/>
  <testcase name="addMission" time="7.266" classname="strat_regresion_test.AddMission"/>
  <testcase name="addBeliefs" time="7.274" classname="strat_regresion_test.AddBeliefs"/>
  <testcase name="addNewPriority" time="11.653" classname="strat_regresion_test.Add_New_Priorities"/>
  <testcase name="editPriority" time="11.75" classname="strat_regresion_test.Edit_Priority"/>
  <testcase name="deletePriority" time="3.119" classname="strat_regresion_test.Delete_Priority"/>
  <testcase name="workComplete" time="0.19" classname="strat_regresion_test.Work_Complete"/>
  <testcase name="navDashboard" time="4.183" classname="strat_regresion_test.Nav_Dashboard"/>
  <testcase name="NewStrategy" time="55.689" classname="strat_regresion_test.Dashboard_regresion"/>
  <testcase name="manageusers" time="4.299" classname="strat_regresion_test.Nav_ManageUsers">
    <failure type="java.lang.AssertionError" message="expected [blah™ strategies] but found [eProve™ strategies]">
      <![CDATA[java.lang.AssertionError: expected [blah™ strategies] but found [eProve™ strategies]
	at strat_regresion_test.Nav_ManageUsers.manageusers(Nav_ManageUsers.java:20)
	at java.util.concurrent.FutureTask.run(Unknown Source)
	at java.util.concurrent.ThreadPoolExecutor.runWorker(Unknown Source)
	at java.util.concurrent.ThreadPoolExecutor$Worker.run(Unknown Source)
	at java.lang.Thread.run(Unknown Source)
... Removed 22 stack frames]]>
    </failure>
  </testcase> <!-- manageusers -->
  <testcase name="addUser" time="19.036" classname="strat_regresion_test.Add_User"/>
  <testcase name="removingUser" time="18.351" classname="strat_regresion_test.Removing_User"/>
  <testcase name="test" time="2.303" classname="base.Logout"/>
</testsuite> <!-- Chrome test -->
