<?xml version="1.0" encoding="UTF-8"?>
<!-- Generated by org.testng.reporters.JUnitXMLReporter -->
<testsuite hostname="E5570-2417" name="Chrome test" tests="17" failures="0" timestamp="26 Mar 2018 14:05:51 GMT" time="183.036" errors="0">
  <testcase name="requestPassword" time="17.724" classname="strat_regresion_test.RequestPassword"/>
  <testcase name="login" time="6.454" classname="strat_regresion_test.Login"/>
  <testcase name="institution_selector_cobb" time="2.855" classname="strat_regresion_test.Institution_Selector_Cobb"/>
  <testcase name="doubleClickOnStrat" time="3.279" classname="strat_regresion_test.Envisioning"/>
  <testcase name="addPurpose" time="7.301" classname="strat_regresion_test.AddPurpose"/>
  <testcase name="addPurpose" time="7.256" classname="strat_regresion_test.AddMission"/>
  <testcase name="addPurpose" time="7.249" classname="strat_regresion_test.AddBeliefs"/>
  <testcase name="test" time="11.879" classname="strat_regresion_test.Add_New_Priorities"/>
  <testcase name="test" time="11.836" classname="strat_regresion_test.Edit_Priority"/>
  <testcase name="test" time="3.115" classname="strat_regresion_test.Delete_Priority"/>
  <testcase name="test" time="0.202" classname="strat_regresion_test.Work_Complete"/>
  <testcase name="mystrategies" time="4.184" classname="strat_regresion_test.Nav_Dashboard"/>
  <testcase name="NewStrategy" time="55.645" classname="strat_regresion_test.Dashboard_regresion"/>
  <testcase name="manageusers" time="4.306" classname="strat_regresion_test.Nav_ManageUsers"/>
  <testcase name="test" time="19.071" classname="strat_regresion_test.Add_User"/>
  <testcase name="test" time="18.369" classname="strat_regresion_test.Removing_User"/>
  <testcase name="test" time="2.263" classname="base.Logout"/>
</testsuite> <!-- Chrome test -->
