<?xml version="1.0" encoding="UTF-8"?>
<!-- Generated by org.testng.reporters.JUnitXMLReporter -->
<testsuite hostname="E5570-2417" ignored="12" name="FireFox test" tests="7" failures="0" timestamp="15 Mar 2018 18:48:42 GMT" time="147.543" errors="0">
  <testcase name="test" time="17.999" classname="strat_regresion_test.RequestPassword"/>
  <testcase name="login" time="6.417" classname="strat_regresion_test.Login"/>
  <testcase name="institution_selector_cobb" time="2.941" classname="strat_regresion_test.Institution_Selector_Cobb"/>
  <testcase name="NewStrategy" time="57.48" classname="strat_regresion_test.Dashboard_regresion"/>
  <testcase name="manageusers" time="4.672" classname="strat_regresion_test.Nav_ManageUsers"/>
  <testcase name="test" time="55.507" classname="strat_regresion_test.AddEditEnableDisableRemoveUserFlow"/>
  <testcase name="test" time="2.5" classname="base.Logout"/>
  <testcase name="@BeforeSuite setUp" time="0.0" classname="base.Before_and_After_Suite">
    <ignored/>
  </testcase> <!-- @BeforeSuite setUp -->
  <testcase name="@BeforeSuite setUp" time="0.0" classname="base.Before_and_After_Suite">
    <ignored/>
  </testcase> <!-- @BeforeSuite setUp -->
  <testcase name="@BeforeSuite setUp" time="0.0" classname="base.Before_and_After_Suite">
    <ignored/>
  </testcase> <!-- @BeforeSuite setUp -->
  <testcase name="@BeforeSuite setUp" time="0.0" classname="base.Before_and_After_Suite">
    <ignored/>
  </testcase> <!-- @BeforeSuite setUp -->
  <testcase name="@BeforeSuite setUp" time="0.0" classname="base.Before_and_After_Suite">
    <ignored/>
  </testcase> <!-- @BeforeSuite setUp -->
  <testcase name="@BeforeSuite setUp" time="0.0" classname="base.Before_and_After_Suite">
    <ignored/>
  </testcase> <!-- @BeforeSuite setUp -->
  <testcase name="@AfterSuite afterSuite" time="0.0" classname="base.Before_and_After_Suite">
    <ignored/>
  </testcase> <!-- @AfterSuite afterSuite -->
  <testcase name="@AfterSuite afterSuite" time="0.0" classname="base.Before_and_After_Suite">
    <ignored/>
  </testcase> <!-- @AfterSuite afterSuite -->
  <testcase name="@AfterSuite afterSuite" time="0.0" classname="base.Before_and_After_Suite">
    <ignored/>
  </testcase> <!-- @AfterSuite afterSuite -->
  <testcase name="@AfterSuite afterSuite" time="0.0" classname="base.Before_and_After_Suite">
    <ignored/>
  </testcase> <!-- @AfterSuite afterSuite -->
  <testcase name="@AfterSuite afterSuite" time="0.0" classname="base.Before_and_After_Suite">
    <ignored/>
  </testcase> <!-- @AfterSuite afterSuite -->
  <testcase name="@AfterSuite afterSuite" time="0.0" classname="base.Before_and_After_Suite">
    <ignored/>
  </testcase> <!-- @AfterSuite afterSuite -->
</testsuite> <!-- FireFox test -->
